INFO:root:@rank0 Start SimCLR training for 100 epochs. <2021-11-14 14:06:41>
INFO:root:Reducer buckets have been rebuilt in this iteration.
DEBUG:root:@rank0 Epoch: 1	<2021-11-14 15:08:41>
DEBUG:root:@rank0 Epoch: 10	<2021-11-14 15:19:58>
DEBUG:root:@rank0 Epoch: 11	<2021-11-14 16:21:48>
DEBUG:root:@rank0 Epoch: 90	<2021-11-15 01:07:49>
DEBUG:root:@rank0 Epoch: 91	<2021-11-15 02:09:55>
DEBUG:root:@rank0 Epoch: 100	<2021-11-15 02:21:18>
INFO:root:@rank0 Training has finished. <2021-11-15 02:21:18>
INFO:root:Model checkpoint and metadata has been saved at ./result/checkpoint/simclr/checkpoint_0100.pth.tar. <2021-11-15 02:21:19>


INFO:root:@rank0 Start SimCLR training for 100 epochs. <2021-11-26 12:23:13>
DEBUG:root:@rank1 Epoch: 1	<2021-11-26 13:39:23> loss: 0.0017405927646905184
DEBUG:root:@rank0 Epoch: 1	<2021-11-26 13:39:23> loss: 0.0018106468487530947
DEBUG:root:@rank1 Epoch: 2	<2021-11-26 13:44:16> loss: 0.0013470721896737814
DEBUG:root:@rank0 Epoch: 2	<2021-11-26 13:44:16> loss: 0.0013912846334278584
DEBUG:root:@rank1 Epoch: 3	<2021-11-26 13:49:03> loss: 0.0011703302152454853
DEBUG:root:@rank0 Epoch: 3	<2021-11-26 13:49:04> loss: 0.0011975376401096582
DEBUG:root:@rank1 Epoch: 4	<2021-11-26 13:54:00> loss: 0.0010693472577258945
DEBUG:root:@rank0 Epoch: 4	<2021-11-26 13:54:00> loss: 0.00116102141328156
DEBUG:root:@rank1 Epoch: 5	<2021-11-26 13:58:54> loss: 0.0010045147500932217
DEBUG:root:@rank0 Epoch: 5	<2021-11-26 13:58:54> loss: 0.0011019294615834951
DEBUG:root:@rank1 Epoch: 6	<2021-11-26 14:03:45> loss: 0.0009859910933300853
DEBUG:root:@rank0 Epoch: 6	<2021-11-26 14:03:45> loss: 0.0010422770865261555
DEBUG:root:@rank1 Epoch: 7	<2021-11-26 14:08:49> loss: 0.000927689136005938
DEBUG:root:@rank0 Epoch: 7	<2021-11-26 14:08:49> loss: 0.0009180188644677401
DEBUG:root:@rank1 Epoch: 8	<2021-11-26 14:13:52> loss: 0.0008976449025794864
DEBUG:root:@rank0 Epoch: 8	<2021-11-26 14:13:52> loss: 0.0009034970426000655
DEBUG:root:@rank1 Epoch: 9	<2021-11-26 14:18:59> loss: 0.0009691697778180242
DEBUG:root:@rank0 Epoch: 9	<2021-11-26 14:19:00> loss: 0.0008868088480085135
DEBUG:root:@rank1 Epoch: 10	<2021-11-26 14:24:25> loss: 0.0009750714525580406
DEBUG:root:@rank0 Epoch: 10	<2021-11-26 14:24:25> loss: 0.0009401537827216089
DEBUG:root:@rank1 Epoch: 11	<2021-11-26 15:41:42> loss: 0.0009117465815506876
DEBUG:root:@rank0 Epoch: 11	<2021-11-26 15:41:42> loss: 0.0008781941724009812
DEBUG:root:@rank1 Epoch: 12	<2021-11-26 15:46:20> loss: 0.0008516176021657884
DEBUG:root:@rank0 Epoch: 12	<2021-11-26 15:46:20> loss: 0.0008914766949601471
DEBUG:root:@rank1 Epoch: 13	<2021-11-26 15:51:02> loss: 0.0008224112098105252
DEBUG:root:@rank0 Epoch: 13	<2021-11-26 15:51:02> loss: 0.0008228562655858696
DEBUG:root:@rank1 Epoch: 14	<2021-11-26 15:55:45> loss: 0.0009441866423003376
DEBUG:root:@rank0 Epoch: 14	<2021-11-26 15:55:45> loss: 0.0008268126402981579
DEBUG:root:@rank1 Epoch: 15	<2021-11-26 16:00:25> loss: 0.0008013944607228041
DEBUG:root:@rank0 Epoch: 15	<2021-11-26 16:00:25> loss: 0.0009660607320256531
DEBUG:root:@rank1 Epoch: 16	<2021-11-26 16:05:08> loss: 0.0008921345579437912
DEBUG:root:@rank0 Epoch: 16	<2021-11-26 16:05:08> loss: 0.0008005357231013477
DEBUG:root:@rank1 Epoch: 17	<2021-11-26 16:09:37> loss: 0.0009120728354901075
DEBUG:root:@rank0 Epoch: 17	<2021-11-26 16:09:37> loss: 0.0007891209097579122
DEBUG:root:@rank1 Epoch: 18	<2021-11-26 16:14:06> loss: 0.0007750533404760063
DEBUG:root:@rank0 Epoch: 18	<2021-11-26 16:14:07> loss: 0.0008705623913556337
DEBUG:root:@rank1 Epoch: 19	<2021-11-26 16:18:58> loss: 0.0008048503659665585
DEBUG:root:@rank0 Epoch: 19	<2021-11-26 16:18:58> loss: 0.0008457555086351931
DEBUG:root:@rank0 Epoch: 20	<2021-11-26 16:23:42> loss: 0.0007517551421187818
DEBUG:root:@rank1 Epoch: 20	<2021-11-26 16:23:42> loss: 0.0008294492145068944
DEBUG:root:@rank1 Epoch: 21	<2021-11-26 17:39:32> loss: 0.0009050469379872084
DEBUG:root:@rank0 Epoch: 21	<2021-11-26 17:39:32> loss: 0.0009060058509930968
DEBUG:root:@rank1 Epoch: 22	<2021-11-26 17:44:14> loss: 0.0007547946879640222
DEBUG:root:@rank0 Epoch: 22	<2021-11-26 17:44:14> loss: 0.0007259384728968143
DEBUG:root:@rank1 Epoch: 23	<2021-11-26 17:48:31> loss: 0.0007298418786376715
DEBUG:root:@rank0 Epoch: 23	<2021-11-26 17:48:32> loss: 0.0008818006026558578
DEBUG:root:@rank1 Epoch: 24	<2021-11-26 17:53:12> loss: 0.0008418488432653248
DEBUG:root:@rank0 Epoch: 24	<2021-11-26 17:53:12> loss: 0.0009140399051830173
DEBUG:root:@rank1 Epoch: 25	<2021-11-26 17:57:46> loss: 0.000858355313539505
DEBUG:root:@rank0 Epoch: 25	<2021-11-26 17:57:46> loss: 0.0007846510852687061
DEBUG:root:@rank1 Epoch: 26	<2021-11-26 18:02:17> loss: 0.0007086777477525175
DEBUG:root:@rank0 Epoch: 26	<2021-11-26 18:02:17> loss: 0.0008697306620888412
DEBUG:root:@rank1 Epoch: 27	<2021-11-26 18:06:48> loss: 0.0007060870993882418
DEBUG:root:@rank0 Epoch: 27	<2021-11-26 18:06:48> loss: 0.0008544878801330924
DEBUG:root:@rank1 Epoch: 28	<2021-11-26 18:11:19> loss: 0.0007984107942320406
DEBUG:root:@rank0 Epoch: 28	<2021-11-26 18:11:19> loss: 0.0008210924570448697
DEBUG:root:@rank1 Epoch: 29	<2021-11-26 18:15:48> loss: 0.0007143433322198689
DEBUG:root:@rank0 Epoch: 29	<2021-11-26 18:15:48> loss: 0.0007155778585001826
DEBUG:root:@rank1 Epoch: 30	<2021-11-26 18:20:22> loss: 0.0007863587234169245
DEBUG:root:@rank0 Epoch: 30	<2021-11-26 18:20:22> loss: 0.0008406126289628446
DEBUG:root:@rank1 Epoch: 31	<2021-11-26 19:35:58> loss: 0.0007413809653371572
DEBUG:root:@rank0 Epoch: 31	<2021-11-26 19:35:58> loss: 0.0007618471863679588
DEBUG:root:@rank1 Epoch: 32	<2021-11-26 19:40:33> loss: 0.0006967717781662941
DEBUG:root:@rank0 Epoch: 32	<2021-11-26 19:40:33> loss: 0.0008717349846847355
DEBUG:root:@rank1 Epoch: 33	<2021-11-26 19:45:02> loss: 0.0007161939283832908
DEBUG:root:@rank0 Epoch: 33	<2021-11-26 19:45:02> loss: 0.0007770967786200345
DEBUG:root:@rank1 Epoch: 34	<2021-11-26 19:49:30> loss: 0.000719722593203187
DEBUG:root:@rank0 Epoch: 34	<2021-11-26 19:49:30> loss: 0.0007000028272159398
DEBUG:root:@rank1 Epoch: 35	<2021-11-26 19:53:56> loss: 0.0007759646978229284
DEBUG:root:@rank0 Epoch: 35	<2021-11-26 19:53:56> loss: 0.0007391151739284396
DEBUG:root:@rank0 Epoch: 36	<2021-11-26 19:58:29> loss: 0.0007924610399641097
DEBUG:root:@rank1 Epoch: 36	<2021-11-26 19:58:29> loss: 0.0007557736826129258
DEBUG:root:@rank1 Epoch: 37	<2021-11-26 20:02:57> loss: 0.0007317581330426037
DEBUG:root:@rank0 Epoch: 37	<2021-11-26 20:02:57> loss: 0.0007811459363438189
DEBUG:root:@rank1 Epoch: 38	<2021-11-26 20:07:30> loss: 0.0008179653668776155
DEBUG:root:@rank0 Epoch: 38	<2021-11-26 20:07:30> loss: 0.0007007474196143448
DEBUG:root:@rank1 Epoch: 39	<2021-11-26 20:11:57> loss: 0.0007655140361748636
DEBUG:root:@rank0 Epoch: 39	<2021-11-26 20:11:57> loss: 0.0006888647913001478
DEBUG:root:@rank1 Epoch: 40	<2021-11-26 20:16:27> loss: 0.0008268186938948929
DEBUG:root:@rank0 Epoch: 40	<2021-11-26 20:16:27> loss: 0.0008447598665952682
DEBUG:root:@rank1 Epoch: 41	<2021-11-26 21:32:29> loss: 0.0008356880862265825
DEBUG:root:@rank0 Epoch: 41	<2021-11-26 21:32:30> loss: 0.0006987979868426919
DEBUG:root:@rank1 Epoch: 42	<2021-11-26 21:37:11> loss: 0.0007159463129937649
DEBUG:root:@rank0 Epoch: 42	<2021-11-26 21:37:11> loss: 0.0007687283214181662
DEBUG:root:@rank0 Epoch: 43	<2021-11-26 21:41:47> loss: 0.0007607499719597399
DEBUG:root:@rank1 Epoch: 43	<2021-11-26 21:41:47> loss: 0.0007944051176309586
DEBUG:root:@rank1 Epoch: 44	<2021-11-26 21:46:14> loss: 0.0007301275036297739
DEBUG:root:@rank0 Epoch: 44	<2021-11-26 21:46:15> loss: 0.0007516371551901102
DEBUG:root:@rank1 Epoch: 45	<2021-11-26 21:50:53> loss: 0.0007067903061397374
DEBUG:root:@rank0 Epoch: 45	<2021-11-26 21:50:53> loss: 0.0008195347618311644
DEBUG:root:@rank1 Epoch: 46	<2021-11-26 21:55:26> loss: 0.0008053809870034456
DEBUG:root:@rank0 Epoch: 46	<2021-11-26 21:55:26> loss: 0.0007043236400932074
DEBUG:root:@rank1 Epoch: 47	<2021-11-26 21:59:52> loss: 0.0008053401834331453
DEBUG:root:@rank0 Epoch: 47	<2021-11-26 21:59:52> loss: 0.0007171140750870109
DEBUG:root:@rank1 Epoch: 48	<2021-11-26 22:04:49> loss: 0.0007354794652201235
DEBUG:root:@rank0 Epoch: 48	<2021-11-26 22:04:49> loss: 0.0007932241423986852
DEBUG:root:@rank1 Epoch: 49	<2021-11-26 22:09:30> loss: 0.0008129708585329354
DEBUG:root:@rank0 Epoch: 49	<2021-11-26 22:09:31> loss: 0.000795192492660135
DEBUG:root:@rank1 Epoch: 50	<2021-11-26 22:14:07> loss: 0.0006889908690936863
DEBUG:root:@rank0 Epoch: 50	<2021-11-26 22:14:08> loss: 0.000711922359187156
DEBUG:root:@rank1 Epoch: 51	<2021-11-26 23:28:07> loss: 0.0008043324924074113
DEBUG:root:@rank0 Epoch: 51	<2021-11-26 23:28:07> loss: 0.0006921375170350075
DEBUG:root:@rank0 Epoch: 52	<2021-11-26 23:30:19> loss: 0.0007726267795078456
DEBUG:root:@rank1 Epoch: 52	<2021-11-26 23:30:19> loss: 0.0007016495219431818
DEBUG:root:@rank1 Epoch: 53	<2021-11-26 23:32:19> loss: 0.0007616710499860346
DEBUG:root:@rank0 Epoch: 53	<2021-11-26 23:32:19> loss: 0.0007231393246911466
DEBUG:root:@rank0 Epoch: 54	<2021-11-26 23:34:04> loss: 0.0006747441366314888
DEBUG:root:@rank1 Epoch: 54	<2021-11-26 23:34:04> loss: 0.0008090316550806165
DEBUG:root:@rank1 Epoch: 55	<2021-11-26 23:35:51> loss: 0.0007028817199170589
DEBUG:root:@rank0 Epoch: 55	<2021-11-26 23:35:51> loss: 0.0006966547225601971
DEBUG:root:@rank1 Epoch: 56	<2021-11-26 23:37:34> loss: 0.0006885981420055032
DEBUG:root:@rank0 Epoch: 56	<2021-11-26 23:37:34> loss: 0.0007013387512415648
DEBUG:root:@rank1 Epoch: 57	<2021-11-26 23:39:12> loss: 0.0007755592232570052
DEBUG:root:@rank0 Epoch: 57	<2021-11-26 23:39:12> loss: 0.0007988223806023598
DEBUG:root:@rank1 Epoch: 58	<2021-11-26 23:41:07> loss: 0.000785566633567214
DEBUG:root:@rank0 Epoch: 58	<2021-11-26 23:41:07> loss: 0.000740614952519536
DEBUG:root:@rank1 Epoch: 59	<2021-11-26 23:43:13> loss: 0.0007339001167565584
DEBUG:root:@rank0 Epoch: 59	<2021-11-26 23:43:13> loss: 0.0007554407347925007
DEBUG:root:@rank1 Epoch: 60	<2021-11-26 23:45:22> loss: 0.0006829404155723751
DEBUG:root:@rank0 Epoch: 60	<2021-11-26 23:45:22> loss: 0.0007148332661017776
DEBUG:root:@rank1 Epoch: 61	<2021-11-27 00:55:55> loss: 0.0007493017474189401
DEBUG:root:@rank0 Epoch: 61	<2021-11-27 00:55:55> loss: 0.0008147466578520834
DEBUG:root:@rank1 Epoch: 62	<2021-11-27 00:57:56> loss: 0.0007700558635406196
DEBUG:root:@rank0 Epoch: 62	<2021-11-27 00:57:56> loss: 0.0006941491737961769
DEBUG:root:@rank1 Epoch: 63	<2021-11-27 00:59:59> loss: 0.0006859807181172073
DEBUG:root:@rank0 Epoch: 63	<2021-11-27 00:59:59> loss: 0.0006874660030007362
DEBUG:root:@rank1 Epoch: 64	<2021-11-27 01:02:02> loss: 0.0006932413089089096
DEBUG:root:@rank0 Epoch: 64	<2021-11-27 01:02:02> loss: 0.0007932430598884821
DEBUG:root:@rank1 Epoch: 65	<2021-11-27 01:03:45> loss: 0.0007467477116733789
DEBUG:root:@rank0 Epoch: 65	<2021-11-27 01:03:46> loss: 0.0006946471403352916
DEBUG:root:@rank1 Epoch: 66	<2021-11-27 01:05:22> loss: 0.0006818122346885502
DEBUG:root:@rank0 Epoch: 66	<2021-11-27 01:05:22> loss: 0.0007729680510237813
DEBUG:root:@rank1 Epoch: 67	<2021-11-27 01:07:32> loss: 0.0007383068441413343
DEBUG:root:@rank0 Epoch: 67	<2021-11-27 01:07:33> loss: 0.0007973594474606216
DEBUG:root:@rank1 Epoch: 68	<2021-11-27 01:09:37> loss: 0.0007948308484628797
DEBUG:root:@rank0 Epoch: 68	<2021-11-27 01:09:37> loss: 0.0007008675020188093
DEBUG:root:@rank1 Epoch: 69	<2021-11-27 01:11:44> loss: 0.0007843111525289714
DEBUG:root:@rank0 Epoch: 69	<2021-11-27 01:11:44> loss: 0.0007553778705187142
DEBUG:root:@rank1 Epoch: 70	<2021-11-27 01:13:49> loss: 0.0006981782498769462
DEBUG:root:@rank0 Epoch: 70	<2021-11-27 01:13:49> loss: 0.0006770160398446023
DEBUG:root:@rank1 Epoch: 71	<2021-11-27 02:23:44> loss: 0.0007126544369384646
DEBUG:root:@rank0 Epoch: 71	<2021-11-27 02:23:44> loss: 0.0007165771094150841
DEBUG:root:@rank1 Epoch: 72	<2021-11-27 02:25:44> loss: 0.0007221316918730736
DEBUG:root:@rank0 Epoch: 72	<2021-11-27 02:25:45> loss: 0.0007135604391805828
DEBUG:root:@rank1 Epoch: 73	<2021-11-27 02:27:43> loss: 0.0006837027613073587
DEBUG:root:@rank0 Epoch: 73	<2021-11-27 02:27:43> loss: 0.0006946956855244935
DEBUG:root:@rank1 Epoch: 74	<2021-11-27 02:29:43> loss: 0.0006893605459481478
DEBUG:root:@rank0 Epoch: 74	<2021-11-27 02:29:43> loss: 0.0006989268586039543
DEBUG:root:@rank1 Epoch: 75	<2021-11-27 02:31:45> loss: 0.0006923729670234025
DEBUG:root:@rank0 Epoch: 75	<2021-11-27 02:31:45> loss: 0.0007269341149367392
DEBUG:root:@rank1 Epoch: 76	<2021-11-27 02:33:42> loss: 0.00068945053499192
DEBUG:root:@rank0 Epoch: 76	<2021-11-27 02:33:42> loss: 0.0007635732181370258


DEBUG:root:@rank1 Epoch: 77	<2021-11-27 02:35:42> loss: 0.0007346312049776316
DEBUG:root:@rank0 Epoch: 77	<2021-11-27 02:35:42> loss: 0.0006851690704934299
DEBUG:root:@rank1 Epoch: 78	<2021-11-27 02:37:40> loss: 0.0007413036655634642
DEBUG:root:@rank0 Epoch: 78	<2021-11-27 02:37:40> loss: 0.0007101615774445236
DEBUG:root:@rank1 Epoch: 80	<2021-11-27 02:41:24> loss: 0.0007070666179060936
DEBUG:root:@rank0 Epoch: 80	<2021-11-27 02:41:24> loss: 0.0006971610710024834
DEBUG:root:@rank1 Epoch: 81	<2021-11-27 03:52:12> loss: 0.0007373174885287881
DEBUG:root:@rank0 Epoch: 81	<2021-11-27 03:52:12> loss: 0.0007258991827256978
DEBUG:root:@rank1 Epoch: 82	<2021-11-27 03:54:11> loss: 0.0006949200760573149
DEBUG:root:@rank0 Epoch: 82	<2021-11-27 03:54:11> loss: 0.0006907359347678721
DEBUG:root:@rank1 Epoch: 83	<2021-11-27 03:56:10> loss: 0.0007737558917142451
DEBUG:root:@rank0 Epoch: 83	<2021-11-27 03:56:10> loss: 0.0007472957950085402
DEBUG:root:@rank1 Epoch: 84	<2021-11-27 03:57:52> loss: 0.0006776415975764394
DEBUG:root:@rank0 Epoch: 84	<2021-11-27 03:57:52> loss: 0.000678525713738054
DEBUG:root:@rank1 Epoch: 85	<2021-11-27 04:00:22> loss: 0.0006857839180156589
DEBUG:root:@rank0 Epoch: 85	<2021-11-27 04:00:23> loss: 0.0006904956535436213
DEBUG:root:@rank1 Epoch: 86	<2021-11-27 04:03:11> loss: 0.0007815450662747025
DEBUG:root:@rank0 Epoch: 86	<2021-11-27 04:03:11> loss: 0.0007954828324727714
DEBUG:root:@rank1 Epoch: 87	<2021-11-27 04:06:05> loss: 0.0006827801116742194
DEBUG:root:@rank0 Epoch: 87	<2021-11-27 04:06:05> loss: 0.0006876825937069952
DEBUG:root:@rank1 Epoch: 88	<2021-11-27 04:08:50> loss: 0.0007089212303981185
DEBUG:root:@rank0 Epoch: 88	<2021-11-27 04:08:50> loss: 0.0006763917044736445
DEBUG:root:@rank1 Epoch: 89	<2021-11-27 04:11:01> loss: 0.0007546177366748452
DEBUG:root:@rank0 Epoch: 89	<2021-11-27 04:11:01> loss: 0.0006890578079037368
DEBUG:root:@rank1 Epoch: 90	<2021-11-27 04:13:04> loss: 0.0007192986086010933
DEBUG:root:@rank0 Epoch: 90	<2021-11-27 04:13:04> loss: 0.0006839815760031343
DEBUG:root:@rank1 Epoch: 91	<2021-11-27 05:25:19> loss: 0.0006886455812491477
DEBUG:root:@rank0 Epoch: 91	<2021-11-27 05:25:19> loss: 0.0006969485548324883
DEBUG:root:@rank0 Epoch: 92	<2021-11-27 05:28:39> loss: 0.0006970454705879092
DEBUG:root:@rank1 Epoch: 92	<2021-11-27 05:28:39> loss: 0.0007142357644625008
DEBUG:root:@rank1 Epoch: 93	<2021-11-27 05:30:47> loss: 0.0006886806222610176
DEBUG:root:@rank0 Epoch: 93	<2021-11-27 05:30:47> loss: 0.0008125266758725047
DEBUG:root:@rank1 Epoch: 94	<2021-11-27 05:32:46> loss: 0.0006857709959149361
DEBUG:root:@rank0 Epoch: 94	<2021-11-27 05:32:46> loss: 0.0006945907953195274
DEBUG:root:@rank1 Epoch: 95	<2021-11-27 05:34:36> loss: 0.0007356576970778406
DEBUG:root:@rank0 Epoch: 95	<2021-11-27 05:34:36> loss: 0.0006740331300534308
DEBUG:root:@rank1 Epoch: 96	<2021-11-27 05:36:15> loss: 0.0007483103545382619
DEBUG:root:@rank0 Epoch: 96	<2021-11-27 05:36:15> loss: 0.0007353847031481564
DEBUG:root:@rank1 Epoch: 97	<2021-11-27 05:37:49> loss: 0.000755694170948118
DEBUG:root:@rank0 Epoch: 97	<2021-11-27 05:37:49> loss: 0.0007036302122287452
DEBUG:root:@rank1 Epoch: 98	<2021-11-27 05:39:26> loss: 0.0006862126174382865
DEBUG:root:@rank0 Epoch: 98	<2021-11-27 05:39:26> loss: 0.0006750558968633413
DEBUG:root:@rank1 Epoch: 99	<2021-11-27 05:41:01> loss: 0.0007150855381041765
DEBUG:root:@rank0 Epoch: 99	<2021-11-27 05:41:01> loss: 0.0006727386498823762
DEBUG:root:@rank1 Epoch: 100	<2021-11-27 05:42:36> loss: 0.0007415539002977312
DEBUG:root:@rank0 Epoch: 100	<2021-11-27 05:42:36> loss: 0.0006947583169676363
INFO:root:@rank0 Training has finished. <2021-11-27 05:42:36>
INFO:root:Model checkpoint and metadata has been saved at ./result/checkpoint/simclr/checkpoint_0100.pth.tar. <2021-11-27 05:42:36>
